{"numTotalTestSuites":2,"numPassedTestSuites":2,"numFailedTestSuites":0,"numPendingTestSuites":0,"numTotalTests":10,"numPassedTests":10,"numFailedTests":0,"numPendingTests":0,"numTodoTests":0,"snapshot":{"added":0,"failure":false,"filesAdded":0,"filesRemoved":0,"filesRemovedList":[],"filesUnmatched":0,"filesUpdated":0,"matched":0,"total":0,"unchecked":0,"uncheckedKeysByFile":[],"unmatched":0,"updated":0,"didUpdate":false},"startTime":1789903257571,"success":true,"testResults":[{"assertionResults":[{"ancestorTitles":["getCapabilitiesForModel"],"fullName":"getCapabilitiesForModel reports DeepSeek V4.1-Flash ids as vision-capable without dropping their thinking/context","status":"passed","title":"reports DeepSeek V4.1-Flash ids as vision-capable without dropping their thinking/context","duration":5.8472000000000435,"failureMessages":[],"meta":{},"tags":[]},{"ancestorTitles":["getCapabilitiesForModel"],"fullName":"getCapabilitiesForModel reports Kiro Claude Opus 5 variants as 1M adaptive-thinking models","status":"passed","title":"reports Kiro Claude Opus 5 variants as 1M adaptive-thinking models","duration":0.4440999999999917,"failureMessages":[],"meta":{},"tags":[]},{"ancestorTitles":["getCapabilitiesForModel"],"fullName":"getCapabilitiesForModel reports Claude Fable 5.1 as a permanent adaptive-thinking model","status":"passed","title":"reports Claude Fable 5.1 as a permanent adaptive-thinking model","duration":0.19810000000001082,"failureMessages":[],"meta":{},"tags":[]},{"ancestorTitles":["getCapabilitiesForModel"],"fullName":"getCapabilitiesForModel reports Kiro Claude Opus 4.8 as a 1M context model","status":"passed","title":"reports Kiro Claude Opus 4.8 as a 1M context model","duration":0.2340000000000373,"failureMessages":[],"meta":{},"tags":[]},{"ancestorTitles":["getCapabilitiesForModel"],"fullName":"getCapabilitiesForModel reports Kiro Claude Sonnet 5 as a 1M adaptive-thinking model","status":"passed","title":"reports Kiro Claude Sonnet 5 as a 1M adaptive-thinking model","duration":0.3088999999999942,"failureMessages":[],"meta":{},"tags":[]},{"ancestorTitles":["getCapabilitiesForModel"],"fullName":"getCapabilitiesForModel reports Kiro GPT 5.6 models with the Kiro 272k context window","status":"passed","title":"reports Kiro GPT 5.6 models with the Kiro 272k context window","duration":0.35700000000002774,"failureMessages":[],"meta":{},"tags":[]},{"ancestorTitles":["getCapabilitiesForModel"],"fullName":"getCapabilitiesForModel reports Codex GPT 6.0 Astra as a vision and thinking capable model","status":"passed","title":"reports Codex GPT 6.0 Astra as a vision and thinking capable model","duration":0.18310000000002447,"failureMessages":[],"meta":{},"tags":[]},{"ancestorTitles":["getCapabilitiesForModel"],"fullName":"getCapabilitiesForModel CommandCode v4.1-flash is vision + effort capable","status":"passed","title":"CommandCode v4.1-flash is vision + effort capable","duration":0.23699999999996635,"failureMessages":[],"meta":{},"tags":[]},{"ancestorTitles":["getCapabilitiesForModel"],"fullName":"getCapabilitiesForModel CommandCode MiniMax-M3 is vision capable","status":"passed","title":"CommandCode MiniMax-M3 is vision capable","duration":0.1928999999999519,"failureMessages":[],"meta":{},"tags":[]},{"ancestorTitles":["getCapabilitiesForModel"],"fullName":"getCapabilitiesForModel CommandCode text-only DeepSeek V4 Flash stays non-vision","status":"passed","title":"CommandCode text-only DeepSeek V4 Flash stays non-vision","duration":0.23920000000003938,"failureMessages":[],"meta":{},"tags":[]}],"startTime":1789903257885,"endTime":1789903257893.2393,"status":"passed","message":"","name":"G:/code/tools/9router/tests/unit/capabilities.test.js"}]}